\BOOKMARK [-1][-]{Doc-Start}{LIST OF TABLES}{}% 1
\BOOKMARK [-1][-]{Doc-Start}{LIST OF FIGURES}{}% 2
\BOOKMARK [0][-]{chapter.1}{1 INTRODUCTION}{Doc-Start}% 3
\BOOKMARK [0][-]{chapter.2}{2 RELATED WORK}{Doc-Start}% 4
\BOOKMARK [1][-]{section.2.1}{2.1 Existing Visualizations}{chapter.2}% 5
\BOOKMARK [1][-]{section.2.2}{2.2 Trade Networks and Food Security}{chapter.2}% 6
\BOOKMARK [1][-]{section.2.3}{2.3 Network Graphs}{chapter.2}% 7
\BOOKMARK [1][-]{section.2.4}{2.4 Visual Analytics}{chapter.2}% 8
\BOOKMARK [0][-]{chapter.3}{3 SYSTEM}{Doc-Start}% 9
\BOOKMARK [1][-]{section.3.1}{3.1 Data, Assumptions, and Formulas}{chapter.3}% 10
\BOOKMARK [1][-]{section.3.2}{3.2 System Architecture}{chapter.3}% 11
\BOOKMARK [1][-]{section.3.3}{3.3 Visual Analytics Framework}{chapter.3}% 12
\BOOKMARK [2][-]{subsection.3.3.1}{3.3.1 Simulation Option \(Figure 3.2-5\)}{section.3.3}% 13
\BOOKMARK [2][-]{subsection.3.3.2}{3.3.2 Histograms \(Figures 3.2-1, 3.4\)}{section.3.3}% 14
\BOOKMARK [2][-]{subsection.3.3.3}{3.3.3 Network graph \(Figure 3.5\)}{section.3.3}% 15
\BOOKMARK [2][-]{subsection.3.3.4}{3.3.4 Choropleth Map \(Section 3, Figure 3.8\)}{section.3.3}% 16
\BOOKMARK [2][-]{subsection.3.3.5}{3.3.5 Triad Significance Profiles \(Section 4, Figures 3.2-4, 3.11\)}{section.3.3}% 17
\BOOKMARK [1][-]{section.3.4}{3.4 Enhancement Over Existing Visualizations}{chapter.3}% 18
\BOOKMARK [0][-]{chapter.4}{4 CASE STUDIES}{Doc-Start}% 19
\BOOKMARK [1][-]{section.4.1}{4.1 2011 Chinese Drought}{chapter.4}% 20
\BOOKMARK [1][-]{section.4.2}{4.2 Simulated 2020 US Climate Event}{chapter.4}% 21
\BOOKMARK [0][-]{chapter.5}{5 CONCLUSIONS}{Doc-Start}% 22
\BOOKMARK [1][-]{section.5.1}{5.1 Summary}{chapter.5}% 23
\BOOKMARK [1][-]{section.5.2}{5.2 Limitations}{chapter.5}% 24
\BOOKMARK [1][-]{section.5.3}{5.3 Future Work}{chapter.5}% 25
\BOOKMARK [-1][-]{section.5.3}{REFERENCES}{}% 26
